#
# There is insufficient memory for the Java Runtime Environment to continue.
# Native memory allocation (mmap) failed to map 1048576 bytes. Error detail: G1 virtual space
# Possible reasons:
#   The system is out of physical RAM or swap space
#   This process is running with CompressedOops enabled, and the Java Heap may be blocking the growth of the native heap
# Possible solutions:
#   Reduce memory load on the system
#   Increase physical memory or swap space
#   Check if swap backing store is full
#   Decrease Java heap size (-Xmx/-Xms)
#   Decrease number of Java threads
#   Decrease Java thread stack sizes (-Xss)
#   Set larger code cache with -XX:ReservedCodeCacheSize=
#   JVM is running with Unscaled Compressed Oops mode in which the Java heap is
#     placed in the first 4GB address space. The Java Heap base address is the
#     maximum limit for the native heap growth. Please use -XX:HeapBaseMinAddress
#     to set the Java Heap base and to place the Java Heap above 4GB virtual address.
# This output file may be truncated or incomplete.
#
#  Out of Memory Error (os_windows.cpp:3703), pid=12904, tid=6204
#
# JRE version: Java(TM) SE Runtime Environment (23.0.1+11) (build 23.0.1+11-39)
# Java VM: Java HotSpot(TM) 64-Bit Server VM (23.0.1+11-39, mixed mode, sharing, tiered, compressed oops, compressed class ptrs, g1 gc, windows-amd64)
# No core dump will be written. Minidumps are not enabled by default on client versions of Windows
#

---------------  S U M M A R Y ------------

Command Line: -Dapplication.home=C:\Program Files\Java\jdk-23 --add-modules=ALL-DEFAULT -Xms8m -Djdk.module.main=jdk.compiler jdk.compiler/com.sun.tools.javac.Main Tarea.java

Host: AMD Athlon Gold 3150U with Radeon Graphics     , 4 cores, 3G,  Windows 10 , 64 bit Build 19041 (10.0.19041.5678)
Time: Mon Mar 31 12:19:09 2025 Hora est. Pacífico, Sudamérica elapsed time: 3.886891 seconds (0d 0h 0m 3s)

---------------  T H R E A D  ---------------

Current thread (0x00000129e7940100):  VMThread "VM Thread"          [id=6204, stack(0x0000001aef300000,0x0000001aef400000) (1024K)]

Stack: [0x0000001aef300000,0x0000001aef400000]
Native frames: (J=compiled Java code, j=interpreted, Vv=VM code, C=native code)
V  [jvm.dll+0x6e08b9]  (no source info available)
V  [jvm.dll+0x87dc83]  (no source info available)
V  [jvm.dll+0x88010e]  (no source info available)
V  [jvm.dll+0x8807e3]  (no source info available)
V  [jvm.dll+0x27aee6]  (no source info available)
V  [jvm.dll+0x6dd1c5]  (no source info available)
V  [jvm.dll+0x6d104a]  (no source info available)
V  [jvm.dll+0x35b3ea]  (no source info available)
V  [jvm.dll+0x3637f6]  (no source info available)
V  [jvm.dll+0x34fd5e]  (no source info available)
V  [jvm.dll+0x34fff8]  (no source info available)
V  [jvm.dll+0x3289cc]  (no source info available)
V  [jvm.dll+0x32b3b9]  (no source info available)
V  [jvm.dll+0x335f74]  (no source info available)
V  [jvm.dll+0x372d55]  (no source info available)
V  [jvm.dll+0x886720]  (no source info available)
V  [jvm.dll+0x887a47]  (no source info available)
V  [jvm.dll+0x887f78]  (no source info available)
V  [jvm.dll+0x888213]  (no source info available)
V  [jvm.dll+0x824f8b]  (no source info available)
V  [jvm.dll+0x6df065]  (no source info available)
C  [ucrtbase.dll+0x21bb2]  (no source info available)
C  [KERNEL32.DLL+0x17374]  (no source info available)
C  [ntdll.dll+0x4cc91]  (no source info available)

VM_Operation (0x0000001aeeeffae0): G1PauseRemark, mode: safepoint, requested by thread 0x00000129e78bc290


---------------  P R O C E S S  ---------------

Threads class SMR info:
_java_thread_list=0x0000012982735350, length=11, elements={
0x00000129e547f630, 0x00000129e794e700, 0x0000012982528340, 0x000001298252d830,
0x000001298252e440, 0x0000012982530930, 0x0000012982532370, 0x0000012982542340,
0x0000012982542df0, 0x000001298252eef0, 0x000001298252f580
}

Java Threads: ( => current thread )
  0x00000129e547f630 JavaThread "main"                              [_thread_blocked, id=11504, stack(0x0000001aeec00000,0x0000001aeed00000) (1024K)]
  0x00000129e794e700 JavaThread "Reference Handler"          daemon [_thread_blocked, id=6344, stack(0x0000001aef400000,0x0000001aef500000) (1024K)]
  0x0000012982528340 JavaThread "Finalizer"                  daemon [_thread_blocked, id=8100, stack(0x0000001aef500000,0x0000001aef600000) (1024K)]
  0x000001298252d830 JavaThread "Signal Dispatcher"          daemon [_thread_blocked, id=1604, stack(0x0000001aef600000,0x0000001aef700000) (1024K)]
  0x000001298252e440 JavaThread "Attach Listener"            daemon [_thread_blocked, id=5916, stack(0x0000001aef700000,0x0000001aef800000) (1024K)]
  0x0000012982530930 JavaThread "Service Thread"             daemon [_thread_blocked, id=2976, stack(0x0000001aef800000,0x0000001aef900000) (1024K)]
  0x0000012982532370 JavaThread "Monitor Deflation Thread"   daemon [_thread_blocked, id=12896, stack(0x0000001aef900000,0x0000001aefa00000) (1024K)]
  0x0000012982542340 JavaThread "C2 CompilerThread0"         daemon [_thread_blocked, id=8440, stack(0x0000001aefa00000,0x0000001aefb00000) (1024K)]
  0x0000012982542df0 JavaThread "C1 CompilerThread0"         daemon [_thread_blocked, id=7104, stack(0x0000001aefb00000,0x0000001aefc00000) (1024K)]
  0x000001298252eef0 JavaThread "Common-Cleaner"             daemon [_thread_blocked, id=7828, stack(0x0000001aefc00000,0x0000001aefd00000) (1024K)]
  0x000001298252f580 JavaThread "Notification Thread"        daemon [_thread_blocked, id=11848, stack(0x0000001aefd00000,0x0000001aefe00000) (1024K)]
Total: 11

Other Threads:
=>0x00000129e7940100 VMThread "VM Thread"                           [id=6204, stack(0x0000001aef300000,0x0000001aef400000) (1024K)]
  0x00000129e792e8e0 WatcherThread "VM Periodic Task Thread"        [id=13240, stack(0x0000001aef200000,0x0000001aef300000) (1024K)]
  0x00000129e78b2710 WorkerThread "GC Thread#0"                     [id=8760, stack(0x0000001aeed00000,0x0000001aeee00000) (1024K)]
  0x00000129c80b9480 WorkerThread "GC Thread#1"                     [id=13204, stack(0x0000001aefe00000,0x0000001aeff00000) (1024K)]
  0x00000129c80c7440 WorkerThread "GC Thread#2"                     [id=11364, stack(0x0000001aeff00000,0x0000001af0000000) (1024K)]
  0x00000129c80c7c00 WorkerThread "GC Thread#3"                     [id=4236, stack(0x0000001af0000000,0x0000001af0100000) (1024K)]
  0x00000129e78bc290 ConcurrentGCThread "G1 Main Marker"            [id=13024, stack(0x0000001aeee00000,0x0000001aeef00000) (1024K)]
  0x00000129e78bd540 WorkerThread "G1 Conc#0"                       [id=6768, stack(0x0000001aeef00000,0x0000001aef000000) (1024K)]
  0x00000129e78e2070 ConcurrentGCThread "G1 Refine#0"               [id=3920, stack(0x0000001aef000000,0x0000001aef100000) (1024K)]
  0x00000129e78e2bf0 ConcurrentGCThread "G1 Service"                [id=13160, stack(0x0000001aef100000,0x0000001aef200000) (1024K)]
Total: 10

Threads with active compile tasks:
C1 CompilerThread0  4027 1055       3       com.sun.tools.javac.util.Assert::checkNonNull (19 bytes)
Total: 1

VM state: at safepoint (normal execution)

VM Mutex/Monitor currently owned by a thread:  ([mutex/lock_event])
[0x00007ffde7ea3910] Threads_lock - owner thread: 0x00000129e7940100
[0x00007ffde7ea3a10] Heap_lock - owner thread: 0x00000129e78bc290

Heap address: 0x00000000c9000000, size: 880 MB, Compressed Oops mode: 32-bit

CDS archive(s) mapped at: [0x0000012983000000-0x0000012983d70000-0x0000012983d70000), size 14090240, SharedBaseAddress: 0x0000012983000000, ArchiveRelocationMode: 1.
Compressed class space mapped at: 0x0000012984000000-0x00000129c4000000, reserved size: 1073741824
Narrow klass base: 0x0000012983000000, Narrow klass shift: 0, Narrow klass range: 0x41000000

GC Precious Log:
 CardTable entry size: 512
 Card Set container configuration: InlinePtr #cards 5 size 8 Array Of Cards #cards 10 size 36 Howl #buckets 4 coarsen threshold 1843 Howl Bitmap #cards 512 size 80 coarsen threshold 460 Card regions per heap region 1 cards per card region 2048
 CPUs: 4 total, 4 available
 Memory: 3518M
 Large Page Support: Disabled
 NUMA Support: Disabled
 Compressed Oops: Enabled (32-bit)
 Heap Region Size: 1M
 Heap Min Capacity: 8M
 Heap Initial Capacity: 8M
 Heap Max Capacity: 880M
 Pre-touch: Disabled
 Parallel Workers: 4
 Concurrent Workers: 1
 Concurrent Refinement Workers: 4
 Periodic GC: Disabled

Heap:
 garbage-first heap   total reserved 901120K, committed 8192K, used 3824K [0x00000000c9000000, 0x0000000100000000)
  region size 1024K, 2 young (2048K), 1 survivors (1024K)
 Metaspace       used 8204K, committed 8448K, reserved 1114112K
  class space    used 963K, committed 1088K, reserved 1048576K

Heap Regions: E=young(eden), S=young(survivor), O=old, HS=humongous(starts), HC=humongous(continues), CS=collection set, F=free, TAMS=top-at-mark-start, PB=parsable bottom
|   0|0x00000000c9000000, 0x00000000c9100000, 0x00000000c9100000|100%| O|  |TAMS 0x00000000c9100000| PB 0x00000000c9100000| Untracked |  0
|   1|0x00000000c9100000, 0x00000000c9200000, 0x00000000c9200000|100%| O|  |TAMS 0x00000000c9200000| PB 0x00000000c9200000| Untracked |  0
|   2|0x00000000c9200000, 0x00000000c9300000, 0x00000000c9300000|100%| O|  |TAMS 0x00000000c9300000| PB 0x00000000c9300000| Untracked |  0
|   3|0x00000000c9300000, 0x00000000c93578a0, 0x00000000c9400000| 34%| O|  |TAMS 0x00000000c93578a0| PB 0x00000000c93578a0| Untracked |  0
|   4|0x00000000c9400000, 0x00000000c9400000, 0x00000000c9500000|  0%| F|  |TAMS 0x00000000c9400000| PB 0x00000000c9400000| Untracked |  0
|   5|0x00000000c9500000, 0x00000000c9500000, 0x00000000c9600000|  0%| F|  |TAMS 0x00000000c9500000| PB 0x00000000c9500000| Untracked |  0
|   6|0x00000000c9600000, 0x00000000c9664a30, 0x00000000c9700000| 39%| S|CS|TAMS 0x00000000c9600000| PB 0x00000000c9600000| Complete |  0
|   7|0x00000000c9700000, 0x00000000c9709f28, 0x00000000c9800000|  3%| E|  |TAMS 0x00000000c9700000| PB 0x00000000c9700000| Complete |  0

Card table byte_map: [0x00000129fefc0000,0x00000129ff180000] _byte_map_base: 0x00000129fe978000

Marking Bits: (CMBitMap*) 0x00000129e78b2e20
 Bits: [0x00000129ff180000, 0x00000129fff40000)

Polling page: 0x00000129e5690000

Metaspace:

Usage:
  Non-class:      7.07 MB used.
      Class:    963.98 KB used.
       Both:      8.01 MB used.

Virtual space:
  Non-class space:       64.00 MB reserved,       7.19 MB ( 11%) committed,  1 nodes.
      Class space:        1.00 GB reserved,       1.06 MB ( <1%) committed,  1 nodes.
             Both:        1.06 GB reserved,       8.25 MB ( <1%) committed. 

Chunk freelists:
   Non-Class:  6.45 MB
       Class:  14.92 MB
        Both:  21.37 MB

MaxMetaspaceSize: unlimited
CompressedClassSpaceSize: 1.00 GB
Initial GC threshold: 21.00 MB
Current GC threshold: 21.00 MB
CDS: on
 - commit_granule_bytes: 65536.
 - commit_granule_words: 8192.
 - virtual_space_node_default_size: 8388608.
 - enlarge_chunks_in_place: 1.
 - use_allocation_guard: 0.


Internal statistics:

num_allocs_failed_limit: 0.
num_arena_births: 104.
num_arena_deaths: 0.
num_vsnodes_births: 2.
num_vsnodes_deaths: 0.
num_space_committed: 132.
num_space_uncommitted: 0.
num_chunks_returned_to_freelist: 0.
num_chunks_taken_from_freelist: 371.
num_chunk_merges: 0.
num_chunk_splits: 271.
num_chunks_enlarged: 208.
num_inconsistent_stats: 0.

CodeHeap 'non-profiled nmethods': size=120064Kb used=302Kb max_used=302Kb free=119761Kb
 bounds [0x00000129f7a80000, 0x00000129f7cf0000, 0x00000129fefc0000]
CodeHeap 'profiled nmethods': size=120000Kb used=1324Kb max_used=1324Kb free=118675Kb
 bounds [0x00000129effc0000, 0x00000129f0230000, 0x00000129f74f0000]
CodeHeap 'non-nmethods': size=5696Kb used=1325Kb max_used=1341Kb free=4370Kb
 bounds [0x00000129f74f0000, 0x00000129f7760000, 0x00000129f7a80000]
CodeCache: size=245760Kb, used=2951Kb, max_used=2967Kb, free=242806Kb
 total_blobs=1495, nmethods=1054, adapters=347, full_count=0
Compilation: enabled, stopped_count=0, restarted_count=0

Compilation events (20 events):
Event: 3.820 Thread 0x0000012982542df0 nmethod 1045 0x00000129f0106908 code [0x00000129f0106bc0, 0x00000129f0107d38]
Event: 3.820 Thread 0x0000012982542df0 1046       3       java.lang.Character::codePointAt (51 bytes)
Event: 3.821 Thread 0x0000012982542df0 nmethod 1046 0x00000129f0107e08 code [0x00000129f0107f80, 0x00000129f01085a8]
Event: 3.821 Thread 0x0000012982542df0 1047       3       com.sun.tools.javac.file.Locations::getHandler (35 bytes)
Event: 3.821 Thread 0x0000012982542df0 nmethod 1047 0x00000129f0108608 code [0x00000129f0108760, 0x00000129f0108d60]
Event: 3.821 Thread 0x0000012982542df0 1048       3       com.sun.tools.javac.code.Symbol$TypeSymbol::formFlatName (92 bytes)
Event: 3.822 Thread 0x0000012982542df0 nmethod 1048 0x00000129f0108d88 code [0x00000129f0108f20, 0x00000129f01096c0]
Event: 3.835 Thread 0x0000012982542df0 1049       3       java.util.Collections$UnmodifiableCollection::<init> (22 bytes)
Event: 3.836 Thread 0x0000012982542df0 nmethod 1049 0x00000129f0109788 code [0x00000129f01098c0, 0x00000129f0109b78]
Event: 3.836 Thread 0x0000012982542df0 1050       3       java.util.regex.CharPredicates::ASCII_WORD (6 bytes)
Event: 3.836 Thread 0x0000012982542df0 nmethod 1050 0x00000129f0109c08 code [0x00000129f0109d20, 0x00000129f0109ec8]
Event: 3.848 Thread 0x0000012982542df0 1051       3       com.sun.tools.javac.file.JavacFileManager::checkNotModuleOrientedLocation (48 bytes)
Event: 3.849 Thread 0x0000012982542df0 nmethod 1051 0x00000129f0109f08 code [0x00000129f010a100, 0x00000129f010aa38]
Event: 3.855 Thread 0x0000012982542340 1052       4       java.util.regex.Pattern::nextEscaped (19 bytes)
Event: 3.857 Thread 0x0000012982542340 nmethod 1052 0x00000129f7acb388 code [0x00000129f7acb480, 0x00000129f7acb548]
Event: 3.864 Thread 0x0000012982542340 1053       4       java.util.Collections::emptyMap (4 bytes)
Event: 3.864 Thread 0x0000012982542340 nmethod 1053 0x00000129f7acb688 code [0x00000129f7acb780, 0x00000129f7acb7f0]
Event: 3.866 Thread 0x0000012982542df0 1054       3       java.util.Collections::unmodifiableCollection (22 bytes)
Event: 3.867 Thread 0x0000012982542df0 nmethod 1054 0x00000129f010aa88 code [0x00000129f010abe0, 0x00000129f010b060]
Event: 3.867 Thread 0x0000012982542df0 1055       3       com.sun.tools.javac.util.Assert::checkNonNull (19 bytes)

GC Heap History (10 events):
Event: 1.489 GC heap before
{Heap before GC invocations=0 (full 0):
 garbage-first heap   total reserved 901120K, committed 8192K, used 3072K [0x00000000c9000000, 0x0000000100000000)
  region size 1024K, 4 young (4096K), 0 survivors (0K)
 Metaspace       used 5442K, committed 5568K, reserved 1114112K
  class space    used 659K, committed 704K, reserved 1048576K
}
Event: 1.498 GC heap after
{Heap after GC invocations=1 (full 0):
 garbage-first heap   total reserved 901120K, committed 8192K, used 1927K [0x00000000c9000000, 0x0000000100000000)
  region size 1024K, 1 young (1024K), 1 survivors (1024K)
 Metaspace       used 5442K, committed 5568K, reserved 1114112K
  class space    used 659K, committed 704K, reserved 1048576K
}
Event: 2.723 GC heap before
{Heap before GC invocations=1 (full 0):
 garbage-first heap   total reserved 901120K, committed 8192K, used 3975K [0x00000000c9000000, 0x0000000100000000)
  region size 1024K, 3 young (3072K), 1 survivors (1024K)
 Metaspace       used 7775K, committed 8000K, reserved 1114112K
  class space    used 912K, committed 1024K, reserved 1048576K
}
Event: 2.732 GC heap after
{Heap after GC invocations=2 (full 0):
 garbage-first heap   total reserved 901120K, committed 8192K, used 2521K [0x00000000c9000000, 0x0000000100000000)
  region size 1024K, 1 young (1024K), 1 survivors (1024K)
 Metaspace       used 7775K, committed 8000K, reserved 1114112K
  class space    used 912K, committed 1024K, reserved 1048576K
}
Event: 3.537 GC heap before
{Heap before GC invocations=2 (full 0):
 garbage-first heap   total reserved 901120K, committed 8192K, used 4569K [0x00000000c9000000, 0x0000000100000000)
  region size 1024K, 3 young (3072K), 1 survivors (1024K)
 Metaspace       used 8126K, committed 8384K, reserved 1114112K
  class space    used 962K, committed 1088K, reserved 1048576K
}
Event: 3.546 GC heap after
{Heap after GC invocations=3 (full 0):
 garbage-first heap   total reserved 901120K, committed 8192K, used 3350K [0x00000000c9000000, 0x0000000100000000)
  region size 1024K, 1 young (1024K), 1 survivors (1024K)
 Metaspace       used 8126K, committed 8384K, reserved 1114112K
  class space    used 962K, committed 1088K, reserved 1048576K
}
Event: 3.768 GC heap before
{Heap before GC invocations=3 (full 0):
 garbage-first heap   total reserved 901120K, committed 8192K, used 5398K [0x00000000c9000000, 0x0000000100000000)
  region size 1024K, 3 young (3072K), 1 survivors (1024K)
 Metaspace       used 8172K, committed 8384K, reserved 1114112K
  class space    used 963K, committed 1088K, reserved 1048576K
}
Event: 3.773 GC heap after
{Heap after GC invocations=4 (full 0):
 garbage-first heap   total reserved 901120K, committed 8192K, used 3762K [0x00000000c9000000, 0x0000000100000000)
  region size 1024K, 1 young (1024K), 1 survivors (1024K)
 Metaspace       used 8172K, committed 8384K, reserved 1114112K
  class space    used 963K, committed 1088K, reserved 1048576K
}
Event: 3.852 GC heap before
{Heap before GC invocations=4 (full 0):
 garbage-first heap   total reserved 901120K, committed 8192K, used 4786K [0x00000000c9000000, 0x0000000100000000)
  region size 1024K, 2 young (2048K), 1 survivors (1024K)
 Metaspace       used 8203K, committed 8448K, reserved 1114112K
  class space    used 963K, committed 1088K, reserved 1048576K
}
Event: 3.855 GC heap after
{Heap after GC invocations=5 (full 0):
 garbage-first heap   total reserved 901120K, committed 8192K, used 3824K [0x00000000c9000000, 0x0000000100000000)
  region size 1024K, 1 young (1024K), 1 survivors (1024K)
 Metaspace       used 8203K, committed 8448K, reserved 1114112K
  class space    used 963K, committed 1088K, reserved 1048576K
}

Dll operation events (5 events):
Event: 0.032 Loaded shared library C:\Program Files\Java\jdk-23\bin\java.dll
Event: 0.164 Loaded shared library C:\Program Files\Java\jdk-23\bin\jsvml.dll
Event: 0.485 Loaded shared library C:\Program Files\Java\jdk-23\bin\jimage.dll
Event: 0.867 Loaded shared library C:\Program Files\Java\jdk-23\bin\net.dll
Event: 0.873 Loaded shared library C:\Program Files\Java\jdk-23\bin\nio.dll

Deoptimization events (20 events):
Event: 1.688 Thread 0x00000129e547f630 Uncommon trap: trap_request=0xffffff45 fr.pc=0x00000129f7aa3dcc relative=0x000000000000030c
Event: 1.688 Thread 0x00000129e547f630 Uncommon trap: reason=unstable_if action=reinterpret pc=0x00000129f7aa3dcc method=jdk.internal.jimage.ImageStringsReader.stringFromByteBufferMatches(Ljava/nio/ByteBuffer;ILjava/lang/String;I)I @ 59 c2
Event: 1.688 Thread 0x00000129e547f630 DEOPT PACKING pc=0x00000129f7aa3dcc sp=0x0000001aeecfe450
Event: 1.688 Thread 0x00000129e547f630 DEOPT UNPACKING pc=0x00000129f7544402 sp=0x0000001aeecfe3c8 mode 2
Event: 1.818 Thread 0x00000129e547f630 Uncommon trap: trap_request=0xffffff45 fr.pc=0x00000129f7aa60a0 relative=0x00000000000004e0
Event: 1.818 Thread 0x00000129e547f630 Uncommon trap: reason=unstable_if action=reinterpret pc=0x00000129f7aa60a0 method=java.lang.StringLatin1.replace([BCC)Ljava/lang/String; @ 19 c2
Event: 1.818 Thread 0x00000129e547f630 DEOPT PACKING pc=0x00000129f7aa60a0 sp=0x0000001aeecff0a0
Event: 1.818 Thread 0x00000129e547f630 DEOPT UNPACKING pc=0x00000129f7544402 sp=0x0000001aeecff020 mode 2
Event: 2.592 Thread 0x00000129e547f630 Uncommon trap: trap_request=0xffffff45 fr.pc=0x00000129f7aaeeac relative=0x00000000000000ac
Event: 2.592 Thread 0x00000129e547f630 Uncommon trap: reason=unstable_if action=reinterpret pc=0x00000129f7aaeeac method=java.util.HashMap.hash(Ljava/lang/Object;)I @ 1 c2
Event: 2.592 Thread 0x00000129e547f630 DEOPT PACKING pc=0x00000129f7aaeeac sp=0x0000001aeecfe710
Event: 2.592 Thread 0x00000129e547f630 DEOPT UNPACKING pc=0x00000129f7544402 sp=0x0000001aeecfe6a8 mode 2
Event: 3.481 Thread 0x00000129e547f630 Uncommon trap: trap_request=0xffffff45 fr.pc=0x00000129f7ac27f8 relative=0x0000000000000538
Event: 3.481 Thread 0x00000129e547f630 Uncommon trap: reason=unstable_if action=reinterpret pc=0x00000129f7ac27f8 method=java.lang.StringBuilder.toString()Ljava/lang/String; @ 4 c2
Event: 3.481 Thread 0x00000129e547f630 DEOPT PACKING pc=0x00000129f7ac27f8 sp=0x0000001aeecfe850
Event: 3.482 Thread 0x00000129e547f630 DEOPT UNPACKING pc=0x00000129f7544402 sp=0x0000001aeecfe840 mode 2
Event: 3.788 Thread 0x00000129e547f630 Uncommon trap: trap_request=0xffffff6e fr.pc=0x00000129f7ac8a70 relative=0x0000000000000330
Event: 3.788 Thread 0x00000129e547f630 Uncommon trap: reason=loop_limit_check action=maybe_recompile pc=0x00000129f7ac8a70 method=java.lang.StringLatin1.indexOf([BI[BII)I @ 37 c2
Event: 3.789 Thread 0x00000129e547f630 DEOPT PACKING pc=0x00000129f7ac8a70 sp=0x0000001aeecfe670
Event: 3.789 Thread 0x00000129e547f630 DEOPT UNPACKING pc=0x00000129f7544402 sp=0x0000001aeecfe5d0 mode 2

Classes loaded (20 events):
Event: 3.469 Loading class java/util/RegularEnumSet$EnumSetIterator
Event: 3.470 Loading class java/util/RegularEnumSet$EnumSetIterator done
Event: 3.485 Loading class java/nio/file/Files$AcceptAllFilter
Event: 3.488 Loading class java/nio/file/Files$AcceptAllFilter done
Event: 3.488 Loading class sun/nio/fs/WindowsDirectoryStream
Event: 3.489 Loading class sun/nio/fs/WindowsDirectoryStream done
Event: 3.490 Loading class sun/nio/fs/WindowsDirectoryStream$WindowsDirectoryIterator
Event: 3.490 Loading class sun/nio/fs/WindowsDirectoryStream$WindowsDirectoryIterator done
Event: 3.491 Loading class java/nio/file/Files$2
Event: 3.491 Loading class java/nio/file/Files$2 done
Event: 3.492 Loading class java/util/ImmutableCollections$Access
Event: 3.492 Loading class java/util/ImmutableCollections$Access done
Event: 3.492 Loading class java/util/ImmutableCollections$Access$1
Event: 3.496 Loading class jdk/internal/access/JavaUtilCollectionAccess
Event: 3.496 Loading class jdk/internal/access/JavaUtilCollectionAccess done
Event: 3.496 Loading class java/util/ImmutableCollections$Access$1 done
Event: 3.499 Loading class sun/nio/fs/WindowsPath$WindowsPathWithAttributes
Event: 3.500 Loading class sun/nio/fs/BasicFileAttributesHolder
Event: 3.500 Loading class sun/nio/fs/BasicFileAttributesHolder done
Event: 3.500 Loading class sun/nio/fs/WindowsPath$WindowsPathWithAttributes done

Classes unloaded (0 events):
No events

Classes redefined (0 events):
No events

Internal exceptions (20 events):
Event: 1.234 Thread 0x00000129e547f630 Exception <a 'java/lang/NoSuchMethodError'{0x00000000c9445cf0}: 'int java.lang.invoke.DirectMethodHandle$Holder.invokeStaticInit(java.lang.Object, java.lang.Object)'> (0x00000000c9445cf0) 
thrown [s\open\src\hotspot\share\interpreter\linkResolver.cpp, line 796]
Event: 1.465 Thread 0x00000129e547f630 Exception <a 'java/lang/NoSuchMethodError'{0x00000000c94dec30}: 'int java.lang.invoke.DirectMethodHandle$Holder.invokeVirtual(java.lang.Object, java.lang.Object)'> (0x00000000c94dec30) 
thrown [s\open\src\hotspot\share\interpreter\linkResolver.cpp, line 796]
Event: 1.504 Thread 0x00000129e547f630 Exception <a 'java/lang/NoSuchMethodError'{0x00000000c970b3a0}: 'java.lang.Object java.lang.invoke.DirectMethodHandle$Holder.newInvokeSpecial(java.lang.Object, java.lang.Object, java.lang.Object, java.lang.Object, java.lang.Object, java.lang.Object)'> (0x00000000c970b3a0) 
thrown [s\open\src\hotspot\share\interpreter\linkResolver.cpp, line 796]
Event: 1.536 Thread 0x00000129e547f630 Exception <a 'java/lang/NoSuchMethodError'{0x00000000c9724678}: 'java.lang.Object java.lang.invoke.DirectMethodHandle$Holder.invokeStaticInit(java.lang.Object, java.lang.Object, java.lang.Object, java.lang.Object, java.lang.Object, java.lang.Object, java.lang.Object)'> (0x00000000c9724678) 
thrown [s\open\src\hotspot\share\interpreter\linkResolver.cpp, line 796]
Event: 1.541 Thread 0x00000129e547f630 Exception <a 'java/lang/NoSuchMethodError'{0x00000000c9732040}: 'int java.lang.invoke.DirectMethodHandle$Holder.invokeSpecial(java.lang.Object, java.lang.Object, java.lang.Object)'> (0x00000000c9732040) 
thrown [s\open\src\hotspot\share\interpreter\linkResolver.cpp, line 796]
Event: 1.542 Thread 0x00000129e547f630 Exception <a 'java/lang/NoSuchMethodError'{0x00000000c97361b0}: 'int java.lang.invoke.DirectMethodHandle$Holder.invokeStaticInit(java.lang.Object, java.lang.Object, java.lang.Object)'> (0x00000000c97361b0) 
thrown [s\open\src\hotspot\share\interpreter\linkResolver.cpp, line 796]
Event: 1.547 Thread 0x00000129e547f630 Exception <a 'java/lang/NoSuchMethodError'{0x00000000c973a290}: 'int java.lang.invoke.DirectMethodHandle$Holder.invokeStaticInit(java.lang.Object, int, int)'> (0x00000000c973a290) 
thrown [s\open\src\hotspot\share\interpreter\linkResolver.cpp, line 796]
Event: 1.550 Thread 0x00000129e547f630 Exception <a 'java/lang/NoSuchMethodError'{0x00000000c9741968}: 'int java.lang.invoke.DirectMethodHandle$Holder.invokeStaticInit(java.lang.Object, long, long)'> (0x00000000c9741968) 
thrown [s\open\src\hotspot\share\interpreter\linkResolver.cpp, line 796]
Event: 1.552 Thread 0x00000129e547f630 Exception <a 'java/lang/NoSuchMethodError'{0x00000000c9748410}: 'int java.lang.invoke.DirectMethodHandle$Holder.invokeStaticInit(java.lang.Object, float, float)'> (0x00000000c9748410) 
thrown [s\open\src\hotspot\share\interpreter\linkResolver.cpp, line 796]
Event: 1.554 Thread 0x00000129e547f630 Exception <a 'java/lang/NoSuchMethodError'{0x00000000c974f208}: 'int java.lang.invoke.DirectMethodHandle$Holder.invokeStaticInit(java.lang.Object, double, double)'> (0x00000000c974f208) 
thrown [s\open\src\hotspot\share\interpreter\linkResolver.cpp, line 796]
Event: 1.556 Thread 0x00000129e547f630 Exception <a 'java/lang/NoSuchMethodError'{0x00000000c97538d8}: 'int java.lang.invoke.DirectMethodHandle$Holder.invokeStatic(java.lang.Object, long)'> (0x00000000c97538d8) 
thrown [s\open\src\hotspot\share\interpreter\linkResolver.cpp, line 796]
Event: 1.571 Thread 0x00000129e547f630 Exception <a 'java/lang/NoSuchMethodError'{0x00000000c97769a0}: 'int java.lang.invoke.Invokers$Holder.linkToTargetMethod(java.lang.Object, java.lang.Object)'> (0x00000000c97769a0) 
thrown [s\open\src\hotspot\share\interpreter\linkResolver.cpp, line 796]
Event: 1.646 Thread 0x00000129e547f630 Exception <a 'java/lang/NoSuchMethodError'{0x00000000c97bb8f0}: 'java.lang.Object java.lang.invoke.DirectMethodHandle$Holder.invokeVirtual(java.lang.Object, java.lang.Object, java.lang.Object)'> (0x00000000c97bb8f0) 
thrown [s\open\src\hotspot\share\interpreter\linkResolver.cpp, line 796]
Event: 1.653 Thread 0x00000129e547f630 Exception <a 'java/lang/NoSuchMethodError'{0x00000000c97c5858}: 'int java.lang.invoke.DirectMethodHandle$Holder.invokeInterface(java.lang.Object, java.lang.Object)'> (0x00000000c97c5858) 
thrown [s\open\src\hotspot\share\interpreter\linkResolver.cpp, line 796]
Event: 1.657 Thread 0x00000129e547f630 Exception <a 'sun/nio/fs/WindowsException'{0x00000000c97cb5f8}> (0x00000000c97cb5f8) 
thrown [s\open\src\hotspot\share\prims\jni.cpp, line 520]
Event: 2.592 Thread 0x00000129e547f630 Implicit null exception at 0x00000129f7aaee1d to 0x00000129f7aaee9d
Event: 2.759 Thread 0x00000129e547f630 Exception <a 'java/lang/NoSuchMethodError'{0x00000000c970e5c0}: 'java.lang.Object java.lang.invoke.DirectMethodHandle$Holder.invokeSpecial(java.lang.Object, java.lang.Object, java.lang.Object, int, int)'> (0x00000000c970e5c0) 
thrown [s\open\src\hotspot\share\interpreter\linkResolver.cpp, line 796]
Event: 2.768 Thread 0x00000129e547f630 Exception <a 'java/lang/NoSuchMethodError'{0x00000000c97214c8}: 'java.lang.Object java.lang.invoke.DirectMethodHandle$Holder.invokeVirtual(java.lang.Object, java.lang.Object, int)'> (0x00000000c97214c8) 
thrown [s\open\src\hotspot\share\interpreter\linkResolver.cpp, line 796]
Event: 3.352 Thread 0x00000129e547f630 Exception <a 'java/lang/NoSuchMethodError'{0x00000000c9656330}: 'void java.lang.invoke.DirectMethodHandle$Holder.invokeSpecial(java.lang.Object, java.lang.Object, java.lang.Object, java.lang.Object, java.lang.Object, java.lang.Object)'> (0x00000000c9656330) 
thrown [s\open\src\hotspot\share\interpreter\linkResolver.cpp, line 796]
Event: 3.475 Thread 0x00000129e547f630 Exception <a 'java/lang/NoSuchMethodError'{0x00000000c96e54f8}: 'void java.lang.invoke.DirectMethodHandle$Holder.invokeStatic(java.lang.Object, java.lang.Object)'> (0x00000000c96e54f8) 
thrown [s\open\src\hotspot\share\interpreter\linkResolver.cpp, line 796]

VM Operations (20 events):
Event: 0.845 Executing VM operation: HandshakeAllThreads (Deoptimize) done
Event: 0.991 Executing VM operation: HandshakeAllThreads (Deoptimize)
Event: 0.991 Executing VM operation: HandshakeAllThreads (Deoptimize) done
Event: 1.489 Executing VM operation: G1CollectForAllocation (G1 Evacuation Pause)
Event: 1.498 Executing VM operation: G1CollectForAllocation (G1 Evacuation Pause) done
Event: 1.673 Executing VM operation: HandshakeAllThreads (Deoptimize)
Event: 1.673 Executing VM operation: HandshakeAllThreads (Deoptimize) done
Event: 2.615 Executing VM operation: HandshakeAllThreads (Deoptimize)
Event: 2.615 Executing VM operation: HandshakeAllThreads (Deoptimize) done
Event: 2.723 Executing VM operation: G1CollectForAllocation (G1 Evacuation Pause)
Event: 2.732 Executing VM operation: G1CollectForAllocation (G1 Evacuation Pause) done
Event: 3.501 Executing VM operation: HandshakeAllThreads (Deoptimize)
Event: 3.501 Executing VM operation: HandshakeAllThreads (Deoptimize) done
Event: 3.537 Executing VM operation: G1CollectForAllocation (G1 Evacuation Pause)
Event: 3.546 Executing VM operation: G1CollectForAllocation (G1 Evacuation Pause) done
Event: 3.768 Executing VM operation: G1CollectForAllocation (G1 Evacuation Pause)
Event: 3.773 Executing VM operation: G1CollectForAllocation (G1 Evacuation Pause) done
Event: 3.852 Executing VM operation: G1CollectForAllocation (G1 Evacuation Pause)
Event: 3.855 Executing VM operation: G1CollectForAllocation (G1 Evacuation Pause) done
Event: 3.867 Executing VM operation: G1PauseRemark

Memory protections (0 events):
No events

Nmethod flushes (0 events):
No events

Events (11 events):
Event: 0.102 Thread 0x00000129e547f630 Thread added: 0x00000129e547f630
Event: 0.154 Thread 0x00000129e547f630 Thread added: 0x00000129e794e700
Event: 0.154 Thread 0x00000129e547f630 Thread added: 0x0000012982528340
Event: 0.155 Thread 0x00000129e547f630 Thread added: 0x000001298252d830
Event: 0.156 Thread 0x00000129e547f630 Thread added: 0x000001298252e440
Event: 0.156 Thread 0x00000129e547f630 Thread added: 0x0000012982530930
Event: 0.156 Thread 0x00000129e547f630 Thread added: 0x0000012982532370
Event: 0.156 Thread 0x00000129e547f630 Thread added: 0x0000012982542340
Event: 0.156 Thread 0x00000129e547f630 Thread added: 0x0000012982542df0
Event: 0.325 Thread 0x00000129e547f630 Thread added: 0x000001298252eef0
Event: 0.469 Thread 0x00000129e547f630 Thread added: 0x000001298252f580


Dynamic libraries:
0x00007ff6b0910000 - 0x00007ff6b0918000 	C:\Program Files\Java\jdk-23\bin\javac.exe
0x00007ffe38670000 - 0x00007ffe38868000 	C:\Windows\SYSTEM32\ntdll.dll
0x00007ffe37cd0000 - 0x00007ffe37d92000 	C:\Windows\System32\KERNEL32.DLL
0x00007ffe35e50000 - 0x00007ffe36146000 	C:\Windows\System32\KERNELBASE.dll
0x00007ffe36450000 - 0x00007ffe36550000 	C:\Windows\System32\ucrtbase.dll
0x00007ffe232a0000 - 0x00007ffe232bb000 	C:\Program Files\Java\jdk-23\bin\VCRUNTIME140.dll
0x00007ffe18750000 - 0x00007ffe18767000 	C:\Program Files\Java\jdk-23\bin\jli.dll
0x00007ffe37170000 - 0x00007ffe3730d000 	C:\Windows\System32\USER32.dll
0x00007ffe36600000 - 0x00007ffe36622000 	C:\Windows\System32\win32u.dll
0x00007ffe23460000 - 0x00007ffe236fa000 	C:\Windows\WinSxS\amd64_microsoft.windows.common-controls_6595b64144ccf1df_6.0.19041.4355_none_60b8b9eb71f62e16\COMCTL32.dll
0x00007ffe37470000 - 0x00007ffe3749b000 	C:\Windows\System32\GDI32.dll
0x00007ffe36150000 - 0x00007ffe3626a000 	C:\Windows\System32\gdi32full.dll
0x00007ffe382d0000 - 0x00007ffe3836e000 	C:\Windows\System32\msvcrt.dll
0x00007ffe36320000 - 0x00007ffe363bd000 	C:\Windows\System32\msvcp_win.dll
0x00007ffe375d0000 - 0x00007ffe375ff000 	C:\Windows\System32\IMM32.DLL
0x00007ffe27440000 - 0x00007ffe2744c000 	C:\Program Files\Java\jdk-23\bin\vcruntime140_1.dll
0x00007ffe04b80000 - 0x00007ffe04c0e000 	C:\Program Files\Java\jdk-23\bin\msvcp140.dll
0x00007ffde7230000 - 0x00007ffde7f7f000 	C:\Program Files\Java\jdk-23\bin\server\jvm.dll
0x00007ffe36880000 - 0x00007ffe36931000 	C:\Windows\System32\ADVAPI32.dll
0x00007ffe38370000 - 0x00007ffe3840f000 	C:\Windows\System32\sechost.dll
0x00007ffe374a0000 - 0x00007ffe375c3000 	C:\Windows\System32\RPCRT4.dll
0x00007ffe362f0000 - 0x00007ffe36317000 	C:\Windows\System32\bcrypt.dll
0x00007ffe385c0000 - 0x00007ffe3862b000 	C:\Windows\System32\WS2_32.dll
0x00007ffe35b50000 - 0x00007ffe35b9b000 	C:\Windows\SYSTEM32\POWRPROF.dll
0x00007ffe341b0000 - 0x00007ffe341d7000 	C:\Windows\SYSTEM32\WINMM.dll
0x00007ffe2a7e0000 - 0x00007ffe2a7ea000 	C:\Windows\SYSTEM32\VERSION.dll
0x00007ffe35b30000 - 0x00007ffe35b42000 	C:\Windows\SYSTEM32\UMPDC.dll
0x00007ffe344d0000 - 0x00007ffe344e2000 	C:\Windows\SYSTEM32\kernel.appcore.dll
0x00007ffe26e70000 - 0x00007ffe26e7a000 	C:\Program Files\Java\jdk-23\bin\jimage.dll
0x00007ffe33f80000 - 0x00007ffe34164000 	C:\Windows\SYSTEM32\DBGHELP.DLL
0x00007ffe34170000 - 0x00007ffe341a4000 	C:\Windows\SYSTEM32\dbgcore.DLL
0x00007ffe363c0000 - 0x00007ffe36442000 	C:\Windows\System32\bcryptPrimitives.dll
0x00007ffe20ec0000 - 0x00007ffe20ede000 	C:\Program Files\Java\jdk-23\bin\java.dll
0x00007ffe38410000 - 0x00007ffe3853b000 	C:\Windows\System32\ole32.dll
0x00007ffe376d0000 - 0x00007ffe37a25000 	C:\Windows\System32\combase.dll
0x00007ffe369a0000 - 0x00007ffe3710f000 	C:\Windows\System32\SHELL32.dll
0x00007ffe33700000 - 0x00007ffe33ea3000 	C:\Windows\SYSTEM32\windows.storage.dll
0x00007ffe35570000 - 0x00007ffe3559b000 	C:\Windows\SYSTEM32\Wldp.dll
0x00007ffe37a30000 - 0x00007ffe37afd000 	C:\Windows\System32\OLEAUT32.dll
0x00007ffe37da0000 - 0x00007ffe37e4d000 	C:\Windows\System32\SHCORE.dll
0x00007ffe37660000 - 0x00007ffe376b5000 	C:\Windows\System32\shlwapi.dll
0x00007ffe35c20000 - 0x00007ffe35c45000 	C:\Windows\SYSTEM32\profapi.dll
0x00007ffe0abe0000 - 0x00007ffe0acb7000 	C:\Program Files\Java\jdk-23\bin\jsvml.dll
0x00007ffe20dd0000 - 0x00007ffe20de0000 	C:\Program Files\Java\jdk-23\bin\net.dll
0x00007ffe35350000 - 0x00007ffe353bc000 	C:\Windows\system32\mswsock.dll
0x00007ffe20cc0000 - 0x00007ffe20cd6000 	C:\Program Files\Java\jdk-23\bin\nio.dll

dbghelp: loaded successfully - version: 4.0.5 - missing functions: none
symbol engine: initialized successfully - sym options: 0x614 - pdb path: .;C:\Program Files\Java\jdk-23\bin;C:\Windows\SYSTEM32;C:\Windows\WinSxS\amd64_microsoft.windows.common-controls_6595b64144ccf1df_6.0.19041.4355_none_60b8b9eb71f62e16;C:\Program Files\Java\jdk-23\bin\server

VM Arguments:
jvm_args: -Dapplication.home=C:\Program Files\Java\jdk-23 --add-modules=ALL-DEFAULT -Xms8m -Djdk.module.main=jdk.compiler 
java_command: jdk.compiler/com.sun.tools.javac.Main Tarea.java
java_class_path (initial): <not set>
Launcher Type: SUN_STANDARD

[Global flags]
     intx CICompilerCount                          = 3                                         {product} {ergonomic}
     uint ConcGCThreads                            = 1                                         {product} {ergonomic}
     uint G1ConcRefinementThreads                  = 4                                         {product} {ergonomic}
   size_t G1HeapRegionSize                         = 1048576                                   {product} {ergonomic}
   size_t InitialHeapSize                          = 8388608                                   {product} {command line}
   size_t MarkStackSize                            = 4194304                                   {product} {ergonomic}
   size_t MarkStackSizeMax                         = 536870912                                 {product} {ergonomic}
   size_t MaxHeapSize                              = 922746880                                 {product} {ergonomic}
   size_t MaxNewSize                               = 553648128                                 {product} {ergonomic}
   size_t MinHeapDeltaBytes                        = 1048576                                   {product} {ergonomic}
   size_t MinHeapSize                              = 8388608                                   {product} {command line}
    uintx NonNMethodCodeHeapSize                   = 5832704                                {pd product} {ergonomic}
    uintx NonProfiledCodeHeapSize                  = 122945536                              {pd product} {ergonomic}
    uintx ProfiledCodeHeapSize                     = 122880000                              {pd product} {ergonomic}
    uintx ReservedCodeCacheSize                    = 251658240                              {pd product} {ergonomic}
     bool SegmentedCodeCache                       = true                                      {product} {ergonomic}
   size_t SoftMaxHeapSize                          = 922746880                              {manageable} {ergonomic}
     bool UseCompressedOops                        = true                           {product lp64_product} {ergonomic}
     bool UseG1GC                                  = true                                      {product} {ergonomic}
     bool UseLargePagesIndividualAllocation        = false                                  {pd product} {ergonomic}

Logging:
Log output configuration:
 #0: stdout all=warning uptime,level,tags foldmultilines=false
 #1: stderr all=off uptime,level,tags foldmultilines=false

Environment Variables:
PATH=C:\flutter\bin\;C:\Program Files\Common Files\Oracle\Java\javapath;C:\flutter\bin;C:\Windows\system32;C:\Windows;C:\Windows\System32\Wbem;C:\Windows\System32\WindowsPowerShell\v1.0\;C:\Windows\System32\OpenSSH\;C:\Program Files\dotnet\;C:\Program Files (x86)\Windows Kits\10\Windows Performance Toolkit\;C:\Users\vicky\Downloads\android-studio\cmdline-tools\latest\bin;C:\Users\vicky\AppData\Local\Android\Sdk\emulator;C:\Users\vicky\AppData\Local\Android\Sdk\platform-tools;C:\Program Files\nodejs\;C:\Program Files\Git\cmd;C:\Users\vicky\AppData\Local\Programs\Python\Python312\Scripts\;C:\Users\vicky\AppData\Local\Programs\Python\Python312\;C:\Users\vicky\AppData\Local\Programs\Python\Launcher\;C:\Program Files\Spyder\pkgs\PyQt5\Qt5\bin;C:\Program Files (x86)\Common Files\Oracle\Java\javapath;C:\Windows\system32;C:\Windows;C:\Windows\System32\Wbem;C:\Windows\System32\WindowsPowerShell\v1.0\;C:\Windows\System32\OpenSSH\;C:\Program Files\dotnet\;C:\Users\vicky\AppData\Local\Microsoft\WindowsApps;C:\Users\vicky\AppData\Local\Programs\Microsoft VS Code\bin;C:\Users\vicky\AppData\Roaming\npm;c:\Users\vicky\.vscode\extensions\ms-python.debugpy-2025.5.2025031101-win32-x64\bundled\scripts\noConfigScripts
USERNAME=vicky
LANG=es_ES.UTF-8
OS=Windows_NT
PROCESSOR_IDENTIFIER=AMD64 Family 23 Model 24 Stepping 1, AuthenticAMD
TMP=C:\Users\vicky\AppData\Local\Temp
TEMP=C:\Users\vicky\AppData\Local\Temp




Periodic native trim disabled

---------------  S Y S T E M  ---------------

OS:
 Windows 10 , 64 bit Build 19041 (10.0.19041.5678)
OS uptime: 0 days 1:52 hours
Hyper-V role detected

CPU: total 4 (initial active 4) (4 cores per cpu, 2 threads per core) family 23 model 24 stepping 1 microcode 0x0, cx8, cmov, fxsr, ht, mmx, 3dnowpref, sse, sse2, sse3, ssse3, sse4a, sse4.1, sse4.2, popcnt, lzcnt, tsc, tscinvbit, avx, avx2, aes, clmul, bmi1, bmi2, adx, sha, fma, vzeroupper, clflush, clflushopt, hv, rdtscp, f16c
Processor Information for the first 4 processors :
  Max Mhz: 2400, Current Mhz: 2400, Mhz Limit: 2400

Memory: 4k page, system-wide physical 3518M (271M free)
TotalPageFile size 11710M (AvailPageFile size 3M)
current process WorkingSet (physical memory assigned to process): 65M, peak: 65M
current process commit charge ("private bytes"): 92M, peak: 93M

vm_info: Java HotSpot(TM) 64-Bit Server VM (23.0.1+11-39) for windows-amd64 JRE (23.0.1+11-39), built on 2024-09-30T07:20:43Z with MS VC++ 17.6 (VS2022)

END.
